This file contains any messages produced by compilers while
running configure, to aid debugging if configure makes a mistake.

It was created by configure, which was
generated by GNU Autoconf 2.59.  Invocation command line was

  $ ./configure --prefix=/usr/local

## --------- ##
## Platform. ##
## --------- ##

hostname = sditapps03
uname -m = x86_64
uname -r = 2.6.35-28-generic
uname -s = Linux
uname -v = #49-Ubuntu SMP Tue Mar 1 14:39:03 UTC 2011

/usr/bin/uname -p = unknown
/bin/uname -X     = unknown

/bin/arch              = unknown
/usr/bin/arch -k       = unknown
/usr/convex/getsysinfo = unknown
hostinfo               = unknown
/bin/machine           = unknown
/usr/bin/oslevel       = unknown
/bin/universe          = unknown

PATH: /usr/local/sbin
PATH: /usr/local/bin
PATH: /usr/sbin
PATH: /usr/bin
PATH: /sbin
PATH: /bin
PATH: /usr/games


## ----------- ##
## Core tests. ##
## ----------- ##

configure:1399: checking whether to install link to etags
configure:1406: result: no
configure:1409: checking whether to install readtags object file
configure:1416: result: no
configure:1489: checking for gcc
configure:1505: found /usr/bin/gcc
configure:1515: result: gcc
configure:1759: checking for C compiler version
configure:1762: gcc --version </dev/null >&5
gcc (Ubuntu/Linaro 4.4.4-14ubuntu5) 4.4.5
Copyright (C) 2010 Free Software Foundation, Inc.
This is free software; see the source for copying conditions.  There is NO
warranty; not even for MERCHANTABILITY or FITNESS FOR A PARTICULAR PURPOSE.

configure:1765: $? = 0
configure:1767: gcc -v </dev/null >&5
Using built-in specs.
Target: x86_64-linux-gnu
Configured with: ../src/configure -v --with-pkgversion='Ubuntu/Linaro 4.4.4-14ubuntu5' --with-bugurl=file:///usr/share/doc/gcc-4.4/README.Bugs --enable-languages=c,c++,fortran,objc,obj-c++ --prefix=/usr --program-suffix=-4.4 --enable-shared --enable-multiarch --enable-linker-build-id --with-system-zlib --libexecdir=/usr/lib --without-included-gettext --enable-threads=posix --with-gxx-include-dir=/usr/include/c++/4.4 --libdir=/usr/lib --enable-nls --with-sysroot=/ --enable-clocale=gnu --enable-libstdcxx-debug --enable-objc-gc --disable-werror --with-arch-32=i686 --with-tune=generic --enable-checking=release --build=x86_64-linux-gnu --host=x86_64-linux-gnu --target=x86_64-linux-gnu
Thread model: posix
gcc version 4.4.5 (Ubuntu/Linaro 4.4.4-14ubuntu5) 
configure:1770: $? = 0
configure:1772: gcc -V </dev/null >&5
gcc: '-V' option must have argument
configure:1775: $? = 1
configure:1798: checking for C compiler default output file name
configure:1801: gcc    conftest.c  >&5
configure:1804: $? = 0
configure:1850: result: a.out
configure:1855: checking whether the C compiler works
configure:1861: ./a.out
configure:1864: $? = 0
configure:1881: result: yes
configure:1888: checking whether we are cross compiling
configure:1890: result: no
configure:1893: checking for suffix of executables
configure:1895: gcc -o conftest    conftest.c  >&5
configure:1898: $? = 0
configure:1923: result: 
configure:1929: checking for suffix of object files
configure:1950: gcc -c   conftest.c >&5
configure:1953: $? = 0
configure:1975: result: o
configure:1979: checking whether we are using the GNU C compiler
configure:2003: gcc -c   conftest.c >&5
configure:2009: $? = 0
configure:2013: test -z 
			 || test ! -s conftest.err
configure:2016: $? = 0
configure:2019: test -s conftest.o
configure:2022: $? = 0
configure:2035: result: yes
configure:2041: checking whether gcc accepts -g
configure:2062: gcc -c -g  conftest.c >&5
configure:2068: $? = 0
configure:2072: test -z 
			 || test ! -s conftest.err
configure:2075: $? = 0
configure:2078: test -s conftest.o
configure:2081: $? = 0
configure:2092: result: yes
configure:2109: checking for gcc option to accept ANSI C
configure:2179: gcc  -c -g -O2  conftest.c >&5
configure:2185: $? = 0
configure:2189: test -z 
			 || test ! -s conftest.err
configure:2192: $? = 0
configure:2195: test -s conftest.o
configure:2198: $? = 0
configure:2216: result: none needed
configure:2234: gcc -c -g -O2  conftest.c >&5
conftest.c:2: error: expected '=', ',', ';', 'asm' or '__attribute__' before 'me'
configure:2240: $? = 1
configure: failed program was:
| #ifndef __cplusplus
|   choke me
| #endif
configure:2403: checking whether ln -s works
configure:2407: result: yes
configure:2416: checking for strip
configure:2432: found /usr/bin/strip
configure:2443: result: strip
configure:2453: checking directory to use for temporary files
configure:2471: result: /tmp
configure:2483: checking whether #! works in shell scripts
configure:2500: result: yes
configure:2511: checking "for case-insensitive filenames"
configure:2522: result: no
configure:2527: checking selected sort method
configure:2533: result: external sort utility
configure:2538: checking for sort
configure:2554: found /usr/bin/sort
configure:2565: result: yes
configure:2573: checking if sort accepts our command line
configure:2581: result: yes
configure:2605: checking how to run the C preprocessor
configure:2640: gcc -E  conftest.c
configure:2646: $? = 0
configure:2678: gcc -E  conftest.c
conftest.c:13: fatal error: ac_nonexistent.h: No such file or directory
compilation terminated.
configure:2684: $? = 1
configure: failed program was:
| /* confdefs.h.  */
| 
| #define PACKAGE_NAME ""
| #define PACKAGE_TARNAME ""
| #define PACKAGE_VERSION ""
| #define PACKAGE_STRING ""
| #define PACKAGE_BUGREPORT ""
| #define DEFAULT_FILE_FORMAT 2
| #define TMPDIR "/tmp"
| #define SYS_INTERPRETER 1
| #define EXTERNAL_SORT 1
| /* end confdefs.h.  */
| #include <ac_nonexistent.h>
configure:2723: result: gcc -E
configure:2747: gcc -E  conftest.c
configure:2753: $? = 0
configure:2785: gcc -E  conftest.c
conftest.c:13: fatal error: ac_nonexistent.h: No such file or directory
compilation terminated.
configure:2791: $? = 1
configure: failed program was:
| /* confdefs.h.  */
| 
| #define PACKAGE_NAME ""
| #define PACKAGE_TARNAME ""
| #define PACKAGE_VERSION ""
| #define PACKAGE_STRING ""
| #define PACKAGE_BUGREPORT ""
| #define DEFAULT_FILE_FORMAT 2
| #define TMPDIR "/tmp"
| #define SYS_INTERPRETER 1
| #define EXTERNAL_SORT 1
| /* end confdefs.h.  */
| #include <ac_nonexistent.h>
configure:2835: checking for egrep
configure:2845: result: grep -E
configure:2850: checking for ANSI C header files
configure:2875: gcc -c -g -O2  conftest.c >&5
configure:2881: $? = 0
configure:2885: test -z 
			 || test ! -s conftest.err
configure:2888: $? = 0
configure:2891: test -s conftest.o
configure:2894: $? = 0
configure:2983: gcc -o conftest -g -O2   conftest.c  >&5
conftest.c: In function 'main':
conftest.c:30: warning: incompatible implicit declaration of built-in function 'exit'
configure:2986: $? = 0
configure:2988: ./conftest
configure:2991: $? = 0
configure:3006: result: yes
configure:3030: checking for sys/types.h
configure:3046: gcc -c -g -O2  conftest.c >&5
configure:3052: $? = 0
configure:3056: test -z 
			 || test ! -s conftest.err
configure:3059: $? = 0
configure:3062: test -s conftest.o
configure:3065: $? = 0
configure:3076: result: yes
configure:3030: checking for sys/stat.h
configure:3046: gcc -c -g -O2  conftest.c >&5
configure:3052: $? = 0
configure:3056: test -z 
			 || test ! -s conftest.err
configure:3059: $? = 0
configure:3062: test -s conftest.o
configure:3065: $? = 0
configure:3076: result: yes
configure:3030: checking for stdlib.h
configure:3046: gcc -c -g -O2  conftest.c >&5
configure:3052: $? = 0
configure:3056: test -z 
			 || test ! -s conftest.err
configure:3059: $? = 0
configure:3062: test -s conftest.o
configure:3065: $? = 0
configure:3076: result: yes
configure:3030: checking for string.h
configure:3046: gcc -c -g -O2  conftest.c >&5
configure:3052: $? = 0
configure:3056: test -z 
			 || test ! -s conftest.err
configure:3059: $? = 0
configure:3062: test -s conftest.o
configure:3065: $? = 0
configure:3076: result: yes
configure:3030: checking for memory.h
configure:3046: gcc -c -g -O2  conftest.c >&5
configure:3052: $? = 0
configure:3056: test -z 
			 || test ! -s conftest.err
configure:3059: $? = 0
configure:3062: test -s conftest.o
configure:3065: $? = 0
configure:3076: result: yes
configure:3030: checking for strings.h
configure:3046: gcc -c -g -O2  conftest.c >&5
configure:3052: $? = 0
configure:3056: test -z 
			 || test ! -s conftest.err
configure:3059: $? = 0
configure:3062: test -s conftest.o
configure:3065: $? = 0
configure:3076: result: yes
configure:3030: checking for inttypes.h
configure:3046: gcc -c -g -O2  conftest.c >&5
configure:3052: $? = 0
configure:3056: test -z 
			 || test ! -s conftest.err
configure:3059: $? = 0
configure:3062: test -s conftest.o
configure:3065: $? = 0
configure:3076: result: yes
configure:3030: checking for stdint.h
configure:3046: gcc -c -g -O2  conftest.c >&5
configure:3052: $? = 0
configure:3056: test -z 
			 || test ! -s conftest.err
configure:3059: $? = 0
configure:3062: test -s conftest.o
configure:3065: $? = 0
configure:3076: result: yes
configure:3030: checking for unistd.h
configure:3046: gcc -c -g -O2  conftest.c >&5
configure:3052: $? = 0
configure:3056: test -z 
			 || test ! -s conftest.err
configure:3059: $? = 0
configure:3062: test -s conftest.o
configure:3065: $? = 0
configure:3076: result: yes
configure:3107: checking dirent.h usability
configure:3119: gcc -c -g -O2  conftest.c >&5
configure:3125: $? = 0
configure:3129: test -z 
			 || test ! -s conftest.err
configure:3132: $? = 0
configure:3135: test -s conftest.o
configure:3138: $? = 0
configure:3148: result: yes
configure:3152: checking dirent.h presence
configure:3162: gcc -E  conftest.c
configure:3168: $? = 0
configure:3188: result: yes
configure:3223: checking for dirent.h
configure:3230: result: yes
configure:3107: checking fcntl.h usability
configure:3119: gcc -c -g -O2  conftest.c >&5
configure:3125: $? = 0
configure:3129: test -z 
			 || test ! -s conftest.err
configure:3132: $? = 0
configure:3135: test -s conftest.o
configure:3138: $? = 0
configure:3148: result: yes
configure:3152: checking fcntl.h presence
configure:3162: gcc -E  conftest.c
configure:3168: $? = 0
configure:3188: result: yes
configure:3223: checking for fcntl.h
configure:3230: result: yes
configure:3107: checking fnmatch.h usability
configure:3119: gcc -c -g -O2  conftest.c >&5
configure:3125: $? = 0
configure:3129: test -z 
			 || test ! -s conftest.err
configure:3132: $? = 0
configure:3135: test -s conftest.o
configure:3138: $? = 0
configure:3148: result: yes
configure:3152: checking fnmatch.h presence
configure:3162: gcc -E  conftest.c
configure:3168: $? = 0
configure:3188: result: yes
configure:3223: checking for fnmatch.h
configure:3230: result: yes
configure:3107: checking stat.h usability
configure:3119: gcc -c -g -O2  conftest.c >&5
conftest.c:60: fatal error: stat.h: No such file or directory
compilation terminated.
configure:3125: $? = 1
configure: failed program was:
| /* confdefs.h.  */
| 
| #define PACKAGE_NAME ""
| #define PACKAGE_TARNAME ""
| #define PACKAGE_VERSION ""
| #define PACKAGE_STRING ""
| #define PACKAGE_BUGREPORT ""
| #define DEFAULT_FILE_FORMAT 2
| #define TMPDIR "/tmp"
| #define SYS_INTERPRETER 1
| #define EXTERNAL_SORT 1
| #define STDC_HEADERS 1
| #define HAVE_SYS_TYPES_H 1
| #define HAVE_SYS_STAT_H 1
| #define HAVE_STDLIB_H 1
| #define HAVE_STRING_H 1
| #define HAVE_MEMORY_H 1
| #define HAVE_STRINGS_H 1
| #define HAVE_INTTYPES_H 1
| #define HAVE_STDINT_H 1
| #define HAVE_UNISTD_H 1
| #define HAVE_DIRENT_H 1
| #define HAVE_FCNTL_H 1
| #define HAVE_FNMATCH_H 1
| /* end confdefs.h.  */
| #include <stdio.h>
| #if HAVE_SYS_TYPES_H
| # include <sys/types.h>
| #endif
| #if HAVE_SYS_STAT_H
| # include <sys/stat.h>
| #endif
| #if STDC_HEADERS
| # include <stdlib.h>
| # include <stddef.h>
| #else
| # if HAVE_STDLIB_H
| #  include <stdlib.h>
| # endif
| #endif
| #if HAVE_STRING_H
| # if !STDC_HEADERS && HAVE_MEMORY_H
| #  include <memory.h>
| # endif
| # include <string.h>
| #endif
| #if HAVE_STRINGS_H
| # include <strings.h>
| #endif
| #if HAVE_INTTYPES_H
| # include <inttypes.h>
| #else
| # if HAVE_STDINT_H
| #  include <stdint.h>
| # endif
| #endif
| #if HAVE_UNISTD_H
| # include <unistd.h>
| #endif
| #include <stat.h>
configure:3148: result: no
configure:3152: checking stat.h presence
configure:3162: gcc -E  conftest.c
conftest.c:26: fatal error: stat.h: No such file or directory
compilation terminated.
configure:3168: $? = 1
configure: failed program was:
| /* confdefs.h.  */
| 
| #define PACKAGE_NAME ""
| #define PACKAGE_TARNAME ""
| #define PACKAGE_VERSION ""
| #define PACKAGE_STRING ""
| #define PACKAGE_BUGREPORT ""
| #define DEFAULT_FILE_FORMAT 2
| #define TMPDIR "/tmp"
| #define SYS_INTERPRETER 1
| #define EXTERNAL_SORT 1
| #define STDC_HEADERS 1
| #define HAVE_SYS_TYPES_H 1
| #define HAVE_SYS_STAT_H 1
| #define HAVE_STDLIB_H 1
| #define HAVE_STRING_H 1
| #define HAVE_MEMORY_H 1
| #define HAVE_STRINGS_H 1
| #define HAVE_INTTYPES_H 1
| #define HAVE_STDINT_H 1
| #define HAVE_UNISTD_H 1
| #define HAVE_DIRENT_H 1
| #define HAVE_FCNTL_H 1
| #define HAVE_FNMATCH_H 1
| /* end confdefs.h.  */
| #include <stat.h>
configure:3188: result: no
configure:3223: checking for stat.h
configure:3230: result: no
configure:3098: checking for stdlib.h
configure:3103: result: yes
configure:3098: checking for string.h
configure:3103: result: yes
configure:3259: checking time.h usability
configure:3271: gcc -c -g -O2  conftest.c >&5
configure:3277: $? = 0
configure:3281: test -z 
			 || test ! -s conftest.err
configure:3284: $? = 0
configure:3287: test -s conftest.o
configure:3290: $? = 0
configure:3300: result: yes
configure:3304: checking time.h presence
configure:3314: gcc -E  conftest.c
configure:3320: $? = 0
configure:3340: result: yes
configure:3375: checking for time.h
configure:3382: result: yes
configure:3259: checking types.h usability
configure:3271: gcc -c -g -O2  conftest.c >&5
conftest.c:63: fatal error: types.h: No such file or directory
compilation terminated.
configure:3277: $? = 1
configure: failed program was:
| /* confdefs.h.  */
| 
| #define PACKAGE_NAME ""
| #define PACKAGE_TARNAME ""
| #define PACKAGE_VERSION ""
| #define PACKAGE_STRING ""
| #define PACKAGE_BUGREPORT ""
| #define DEFAULT_FILE_FORMAT 2
| #define TMPDIR "/tmp"
| #define SYS_INTERPRETER 1
| #define EXTERNAL_SORT 1
| #define STDC_HEADERS 1
| #define HAVE_SYS_TYPES_H 1
| #define HAVE_SYS_STAT_H 1
| #define HAVE_STDLIB_H 1
| #define HAVE_STRING_H 1
| #define HAVE_MEMORY_H 1
| #define HAVE_STRINGS_H 1
| #define HAVE_INTTYPES_H 1
| #define HAVE_STDINT_H 1
| #define HAVE_UNISTD_H 1
| #define HAVE_DIRENT_H 1
| #define HAVE_FCNTL_H 1
| #define HAVE_FNMATCH_H 1
| #define HAVE_STDLIB_H 1
| #define HAVE_STRING_H 1
| #define HAVE_TIME_H 1
| /* end confdefs.h.  */
| #include <stdio.h>
| #if HAVE_SYS_TYPES_H
| # include <sys/types.h>
| #endif
| #if HAVE_SYS_STAT_H
| # include <sys/stat.h>
| #endif
| #if STDC_HEADERS
| # include <stdlib.h>
| # include <stddef.h>
| #else
| # if HAVE_STDLIB_H
| #  include <stdlib.h>
| # endif
| #endif
| #if HAVE_STRING_H
| # if !STDC_HEADERS && HAVE_MEMORY_H
| #  include <memory.h>
| # endif
| # include <string.h>
| #endif
| #if HAVE_STRINGS_H
| # include <strings.h>
| #endif
| #if HAVE_INTTYPES_H
| # include <inttypes.h>
| #else
| # if HAVE_STDINT_H
| #  include <stdint.h>
| # endif
| #endif
| #if HAVE_UNISTD_H
| # include <unistd.h>
| #endif
| #include <types.h>
configure:3300: result: no
configure:3304: checking types.h presence
configure:3314: gcc -E  conftest.c
conftest.c:29: fatal error: types.h: No such file or directory
compilation terminated.
configure:3320: $? = 1
configure: failed program was:
| /* confdefs.h.  */
| 
| #define PACKAGE_NAME ""
| #define PACKAGE_TARNAME ""
| #define PACKAGE_VERSION ""
| #define PACKAGE_STRING ""
| #define PACKAGE_BUGREPORT ""
| #define DEFAULT_FILE_FORMAT 2
| #define TMPDIR "/tmp"
| #define SYS_INTERPRETER 1
| #define EXTERNAL_SORT 1
| #define STDC_HEADERS 1
| #define HAVE_SYS_TYPES_H 1
| #define HAVE_SYS_STAT_H 1
| #define HAVE_STDLIB_H 1
| #define HAVE_STRING_H 1
| #define HAVE_MEMORY_H 1
| #define HAVE_STRINGS_H 1
| #define HAVE_INTTYPES_H 1
| #define HAVE_STDINT_H 1
| #define HAVE_UNISTD_H 1
| #define HAVE_DIRENT_H 1
| #define HAVE_FCNTL_H 1
| #define HAVE_FNMATCH_H 1
| #define HAVE_STDLIB_H 1
| #define HAVE_STRING_H 1
| #define HAVE_TIME_H 1
| /* end confdefs.h.  */
| #include <types.h>
configure:3340: result: no
configure:3375: checking for types.h
configure:3382: result: no
configure:3250: checking for unistd.h
configure:3255: result: yes
configure:3412: checking sys/dir.h usability
configure:3424: gcc -c -g -O2  conftest.c >&5
configure:3430: $? = 0
configure:3434: test -z 
			 || test ! -s conftest.err
configure:3437: $? = 0
configure:3440: test -s conftest.o
configure:3443: $? = 0
configure:3453: result: yes
configure:3457: checking sys/dir.h presence
configure:3467: gcc -E  conftest.c
configure:3473: $? = 0
configure:3493: result: yes
configure:3528: checking for sys/dir.h
configure:3535: result: yes
configure:3403: checking for sys/stat.h
configure:3408: result: yes
configure:3412: checking sys/times.h usability
configure:3424: gcc -c -g -O2  conftest.c >&5
configure:3430: $? = 0
configure:3434: test -z 
			 || test ! -s conftest.err
configure:3437: $? = 0
configure:3440: test -s conftest.o
configure:3443: $? = 0
configure:3453: result: yes
configure:3457: checking sys/times.h presence
configure:3467: gcc -E  conftest.c
configure:3473: $? = 0
configure:3493: result: yes
configure:3528: checking for sys/times.h
configure:3535: result: yes
configure:3403: checking for sys/types.h
configure:3408: result: yes
configure:3552: checking "if L_tmpnam is defined in stdio.h"
configure:3569: result: yes
configure:3587: checking "if INT_MAX is defined in limits.h"
configure:3604: result: yes
configure:3656: checking for size_t
configure:3680: gcc -c -g -O2  conftest.c >&5
configure:3686: $? = 0
configure:3690: test -z 
			 || test ! -s conftest.err
configure:3693: $? = 0
configure:3696: test -s conftest.o
configure:3699: $? = 0
configure:3710: result: yes
configure:3722: checking for off_t
configure:3746: gcc -c -g -O2  conftest.c >&5
configure:3752: $? = 0
configure:3756: test -z 
			 || test ! -s conftest.err
configure:3759: $? = 0
configure:3762: test -s conftest.o
configure:3765: $? = 0
configure:3776: result: yes
configure:3789: checking "for fpos_t"
configure:3802: result: yes
configure:3817: checking "for clock_t"
configure:3830: result: yes
configure:3847: checking for an ANSI C-conforming const
configure:3914: gcc -c -g -O2  conftest.c >&5
configure:3920: $? = 0
configure:3924: test -z 
			 || test ! -s conftest.err
configure:3927: $? = 0
configure:3930: test -s conftest.o
configure:3933: $? = 0
configure:3944: result: yes
configure:3957: checking if struct stat contains st_ino
configure:3980: gcc -c -g -O2  conftest.c >&5
conftest.c: In function 'main':
conftest.c:42: warning: incompatible implicit declaration of built-in function 'exit'
configure:3986: $? = 0
configure:3990: test -z 
			 || test ! -s conftest.err
configure:3993: $? = 0
configure:3996: test -s conftest.o
configure:3999: $? = 0
configure:4009: result: yes
configure:4024: checking for fnmatch
configure:4081: gcc -o conftest -g -O2   conftest.c  >&5
configure:4087: $? = 0
configure:4091: test -z 
			 || test ! -s conftest.err
configure:4094: $? = 0
configure:4097: test -s conftest
configure:4100: $? = 0
configure:4112: result: yes
configure:4126: checking for strstr
configure:4183: gcc -o conftest -g -O2   conftest.c  >&5
conftest.c:60: warning: conflicting types for built-in function 'strstr'
configure:4189: $? = 0
configure:4193: test -z 
			 || test ! -s conftest.err
configure:4196: $? = 0
configure:4199: test -s conftest
configure:4202: $? = 0
configure:4214: result: yes
configure:4229: checking for strcasecmp
configure:4286: gcc -o conftest -g -O2   conftest.c  >&5
conftest.c:61: warning: conflicting types for built-in function 'strcasecmp'
configure:4292: $? = 0
configure:4296: test -z 
			 || test ! -s conftest.err
configure:4299: $? = 0
configure:4302: test -s conftest
configure:4305: $? = 0
configure:4317: result: yes
configure:4332: checking for strncasecmp
configure:4389: gcc -o conftest -g -O2   conftest.c  >&5
conftest.c:62: warning: conflicting types for built-in function 'strncasecmp'
configure:4395: $? = 0
configure:4399: test -z 
			 || test ! -s conftest.err
configure:4402: $? = 0
configure:4405: test -s conftest
configure:4408: $? = 0
configure:4420: result: yes
configure:4434: checking for fgetpos
configure:4491: gcc -o conftest -g -O2   conftest.c  >&5
configure:4497: $? = 0
configure:4501: test -z 
			 || test ! -s conftest.err
configure:4504: $? = 0
configure:4507: test -s conftest
configure:4510: $? = 0
configure:4522: result: yes
configure:4604: checking for mkstemp
configure:4661: gcc -o conftest -g -O2   conftest.c  >&5
configure:4667: $? = 0
configure:4671: test -z 
			 || test ! -s conftest.err
configure:4674: $? = 0
configure:4677: test -s conftest
configure:4680: $? = 0
configure:4692: result: yes
configure:4921: checking for opendir
configure:4978: gcc -o conftest -g -O2   conftest.c  >&5
configure:4984: $? = 0
configure:4988: test -z 
			 || test ! -s conftest.err
configure:4991: $? = 0
configure:4994: test -s conftest
configure:4997: $? = 0
configure:5009: result: yes
configure:5023: checking for strerror
configure:5080: gcc -o conftest -g -O2   conftest.c  >&5
configure:5086: $? = 0
configure:5090: test -z 
			 || test ! -s conftest.err
configure:5093: $? = 0
configure:5096: test -s conftest
configure:5099: $? = 0
configure:5111: result: yes
configure:5126: checking for clock
configure:5183: gcc -o conftest -g -O2   conftest.c  >&5
configure:5189: $? = 0
configure:5193: test -z 
			 || test ! -s conftest.err
configure:5196: $? = 0
configure:5199: test -s conftest
configure:5202: $? = 0
configure:5214: result: yes
configure:5228: checking for remove
configure:5285: gcc -o conftest -g -O2   conftest.c  >&5
configure:5291: $? = 0
configure:5295: test -z 
			 || test ! -s conftest.err
configure:5298: $? = 0
configure:5301: test -s conftest
configure:5304: $? = 0
configure:5316: result: yes
configure:5366: checking for truncate
configure:5423: gcc -o conftest -g -O2   conftest.c  >&5
configure:5429: $? = 0
configure:5433: test -z 
			 || test ! -s conftest.err
configure:5436: $? = 0
configure:5439: test -s conftest
configure:5442: $? = 0
configure:5454: result: yes
configure:5677: checking for setenv
configure:5734: gcc -o conftest -g -O2   conftest.c  >&5
configure:5740: $? = 0
configure:5744: test -z 
			 || test ! -s conftest.err
configure:5747: $? = 0
configure:5750: test -s conftest
configure:5753: $? = 0
configure:5765: result: yes
configure:5931: checking for regcomp
configure:5988: gcc -o conftest -g -O2   conftest.c  >&5
configure:5994: $? = 0
configure:5998: test -z 
			 || test ! -s conftest.err
configure:6001: $? = 0
configure:6004: test -s conftest
configure:6007: $? = 0
configure:6019: result: yes
configure:6029: checking if regcomp works
configure:6052: gcc -o conftest -g -O2   conftest.c  >&5
conftest.c: In function 'main':
conftest.c:53: warning: incompatible implicit declaration of built-in function 'exit'
configure:6055: $? = 0
configure:6057: ./conftest
configure:6060: $? = 0
configure:6073: result: yes
configure:6085: checking "for missing prototypes"...
configure:6397: creating ./config.status

## ---------------------- ##
## Running config.status. ##
## ---------------------- ##

This file was extended by config.status, which was
generated by GNU Autoconf 2.59.  Invocation command line was

  CONFIG_FILES    = 
  CONFIG_HEADERS  = 
  CONFIG_LINKS    = 
  CONFIG_COMMANDS = 
  $ ./config.status 

on sditapps03

config.status:645: creating Makefile
config.status:748: creating config.h

## ---------------- ##
## Cache variables. ##
## ---------------- ##

ac_cv_c_compiler_gnu=yes
ac_cv_c_const=yes
ac_cv_env_CC_set=
ac_cv_env_CC_value=
ac_cv_env_CFLAGS_set=
ac_cv_env_CFLAGS_value=
ac_cv_env_CPPFLAGS_set=
ac_cv_env_CPPFLAGS_value=
ac_cv_env_CPP_set=
ac_cv_env_CPP_value=
ac_cv_env_LDFLAGS_set=
ac_cv_env_LDFLAGS_value=
ac_cv_env_build_alias_set=
ac_cv_env_build_alias_value=
ac_cv_env_host_alias_set=
ac_cv_env_host_alias_value=
ac_cv_env_target_alias_set=
ac_cv_env_target_alias_value=
ac_cv_exeext=
ac_cv_func_clock=yes
ac_cv_func_fgetpos=yes
ac_cv_func_fnmatch=yes
ac_cv_func_mkstemp=yes
ac_cv_func_opendir=yes
ac_cv_func_regcomp=yes
ac_cv_func_remove=yes
ac_cv_func_setenv=yes
ac_cv_func_strcasecmp=yes
ac_cv_func_strerror=yes
ac_cv_func_strncasecmp=yes
ac_cv_func_strstr=yes
ac_cv_func_truncate=yes
ac_cv_header_dirent_h=yes
ac_cv_header_fcntl_h=yes
ac_cv_header_fnmatch_h=yes
ac_cv_header_inttypes_h=yes
ac_cv_header_memory_h=yes
ac_cv_header_stat_h=no
ac_cv_header_stdc=yes
ac_cv_header_stdint_h=yes
ac_cv_header_stdlib_h=yes
ac_cv_header_string_h=yes
ac_cv_header_strings_h=yes
ac_cv_header_sys_dir_h=yes
ac_cv_header_sys_stat_h=yes
ac_cv_header_sys_times_h=yes
ac_cv_header_sys_types_h=yes
ac_cv_header_time_h=yes
ac_cv_header_types_h=no
ac_cv_header_unistd_h=yes
ac_cv_objext=o
ac_cv_prog_CPP='gcc -E'
ac_cv_prog_STRIP=strip
ac_cv_prog_ac_ct_CC=gcc
ac_cv_prog_cc_g=yes
ac_cv_prog_cc_stdc=
ac_cv_prog_egrep='grep -E'
ac_cv_prog_sort_found=yes
ac_cv_sys_interpreter=yes
ac_cv_type_off_t=yes
ac_cv_type_size_t=yes

## ----------------- ##
## Output variables. ##
## ----------------- ##

CC='gcc'
CFLAGS='-g -O2'
CPP='gcc -E'
CPPFLAGS=''
DEFS='-DHAVE_CONFIG_H'
ECHO_C=''
ECHO_N='-n'
ECHO_T=''
EGREP='grep -E'
EXEEXT=''
LDFLAGS=''
LIBOBJS=''
LIBS=''
LN_S='ln -s'
LTLIBOBJS=''
OBJEXT='o'
PACKAGE_BUGREPORT=''
PACKAGE_NAME=''
PACKAGE_STRING=''
PACKAGE_TARNAME=''
PACKAGE_VERSION=''
PATH_SEPARATOR=':'
SHELL='/bin/sh'
STRIP='strip'
ac_ct_CC='gcc'
bindir='${exec_prefix}/bin'
build_alias=''
datadir='${prefix}/share'
exec_prefix='${prefix}'
host_alias=''
includedir='${prefix}/include'
infodir='${prefix}/info'
install_targets='install-ctags'
libdir='${exec_prefix}/lib'
libexecdir='${exec_prefix}/libexec'
localstatedir='${prefix}/var'
mandir='${prefix}/man'
oldincludedir='/usr/include'
prefix='/usr/local'
program_transform_name='s,x,x,'
sbindir='${exec_prefix}/sbin'
sharedstatedir='${prefix}/com'
sort_found='yes'
sysconfdir='${prefix}/etc'
target_alias=''

## ----------- ##
## confdefs.h. ##
## ----------- ##

#define DEFAULT_FILE_FORMAT 2
#define EXTERNAL_SORT 1
#define HAVE_CLOCK 1
#define HAVE_DIRENT_H 1
#define HAVE_FCNTL_H 1
#define HAVE_FGETPOS 1
#define HAVE_FNMATCH 1
#define HAVE_FNMATCH_H 1
#define HAVE_INTTYPES_H 1
#define HAVE_MEMORY_H 1
#define HAVE_MKSTEMP 1
#define HAVE_OPENDIR 1
#define HAVE_REGCOMP 1
#define HAVE_REMOVE 1
#define HAVE_SETENV 1
#define HAVE_STAT_ST_INO 1
#define HAVE_STDINT_H 1
#define HAVE_STDLIB_H 1
#define HAVE_STDLIB_H 1
#define HAVE_STRCASECMP 1
#define HAVE_STRERROR 1
#define HAVE_STRINGS_H 1
#define HAVE_STRING_H 1
#define HAVE_STRING_H 1
#define HAVE_STRNCASECMP 1
#define HAVE_STRSTR 1
#define HAVE_SYS_DIR_H 1
#define HAVE_SYS_STAT_H 1
#define HAVE_SYS_STAT_H 1
#define HAVE_SYS_TIMES_H 1
#define HAVE_SYS_TYPES_H 1
#define HAVE_SYS_TYPES_H 1
#define HAVE_TIME_H 1
#define HAVE_TRUNCATE 1
#define HAVE_UNISTD_H 1
#define HAVE_UNISTD_H 1
#define PACKAGE_BUGREPORT ""
#define PACKAGE_NAME ""
#define PACKAGE_STRING ""
#define PACKAGE_TARNAME ""
#define PACKAGE_VERSION ""
#define STDC_HEADERS 1
#define SYS_INTERPRETER 1
#define TMPDIR "/tmp"

configure: exit 0
